-------------------------------------------------------------------------------
Test set: br.uem.gestaoresiduos.web.controllers.LaboratorioResourceTest
-------------------------------------------------------------------------------
Tests run: 1, Failures: 1, Errors: 0, Skipped: 0, Time elapsed: 0.025 sec <<< FAILURE! - in br.uem.gestaoresiduos.web.controllers.LaboratorioResourceTest
testCreate(br.uem.gestaoresiduos.web.controllers.LaboratorioResourceTest)  Time elapsed: 0.011 sec  <<< FAILURE!
java.lang.AssertionError: Not yet implemented
	at org.junit.Assert.fail(Assert.java:88)
	at br.uem.gestaoresiduos.web.controllers.LaboratorioResourceTest.testCreate(LaboratorioResourceTest.java:40)

